Release 14.7 - platgen Xilinx EDK 14.7 Build EDK_P.20131013
 (nt64)
Copyright (c) 1995-2013 Xilinx, Inc.  All rights reserved.

Command Line: platgen -p xc7z020clg484-1 -lang vhdl -intstyle default -msg
__xps/ise/xmsgprops.lst system.mhs 

WARNING:EDK - INFO:Security:51 - The XILINXD_LICENSE_FILE environment variable
   is not set.
   INFO:Security:52 - The LM_LICENSE_FILE environment variable is set to
   '1717@io.ece.iastate.edu;27008@io.ece.iastate.edu;
   27006@io.ece.iastate.edu;27003@io.ece.iastate.edu'.
   INFO:Security:71 - If a license for part 'xc7z020' is available, it will be
   possible to use 'XPS_TDP' instead of 'XPS'.
   WARNING:Security:43 - No license file was found in the standard Xilinx
   license directory.
   WARNING:Security:44 - Since no license file was found,
          please run the Xilinx License Configuration Manager
          (xlcm or "Manage Xilinx Licenses")
          to assist in obtaining a license.
   WARNING:Security:42 - Your software subscription period has lapsed. Your
   current version of Xilinx tools will continue to function, but you no longer
   qualify for Xilinx software updates or new releases.


Parse U:/Cpre488/conware/xps/system/system.mhs ...

Read MPD definitions ...

Overriding IP level properties ...
INFO:EDK:4130 - IPNAME: axi_interconnect, INSTANCE:axi4lite_0 - tcl is
   overriding PARAMETER C_BASEFAMILY value to zynq -
   C:\Xilinx\14.7\ISE_DS\EDK\hw\XilinxProcessorIPLib\pcores\axi_interconnect_v1_
   06_a\data\axi_interconnect_v2_1_0.mpd line 81 
INFO:EDK:4130 - IPNAME: axi_dma, INSTANCE:axi_dma_0 - tcl is overriding
   PARAMETER C_M_AXIS_MM2S_PROTOCOL value to GENERIC -
   C:\Xilinx\14.7\ISE_DS\EDK\hw\XilinxProcessorIPLib\pcores\axi_dma_v6_03_a\data
   \axi_dma_v2_1_0.mpd line 150 
INFO:EDK:4130 - IPNAME: axi_dma, INSTANCE:axi_dma_0 - tcl is overriding
   PARAMETER C_S_AXIS_S2MM_PROTOCOL value to GENERIC -
   C:\Xilinx\14.7\ISE_DS\EDK\hw\XilinxProcessorIPLib\pcores\axi_dma_v6_03_a\data
   \axi_dma_v2_1_0.mpd line 151 
INFO:EDK:4130 - IPNAME: axi_interconnect, INSTANCE:axi_interconnect_1 - tcl is
   overriding PARAMETER C_BASEFAMILY value to zynq -
   C:\Xilinx\14.7\ISE_DS\EDK\hw\XilinxProcessorIPLib\pcores\axi_interconnect_v1_
   06_a\data\axi_interconnect_v2_1_0.mpd line 81 
INFO:EDK:4130 - IPNAME: v_axi4s_vid_out, INSTANCE:v_axi4s_vid_out_0 - tcl is
   overriding PARAMETER VID_OUT_DATA_WIDTH value to 32 -
   C:\Xilinx\14.7\ISE_DS\EDK\hw\XilinxProcessorIPLib\pcores\v_axi4s_vid_out_v2_0
   1_a\data\v_axi4s_vid_out_v2_1_0.mpd line 79 
INFO:EDK:4130 - IPNAME: v_axi4s_vid_out, INSTANCE:v_axi4s_vid_out_0 - tcl is
   overriding PARAMETER C_S_AXIS_VIDEO_TDATA_WIDTH value to 32 -
   C:\Xilinx\14.7\ISE_DS\EDK\hw\XilinxProcessorIPLib\pcores\v_axi4s_vid_out_v2_0
   1_a\data\v_axi4s_vid_out_v2_1_0.mpd line 80 
INFO:EDK:4130 - IPNAME: axi_vdma, INSTANCE:axi_vdma_0 - tcl is overriding
   PARAMETER C_PRMRY_IS_ACLK_ASYNC value to 0 -
   C:\Xilinx\14.7\ISE_DS\EDK\hw\XilinxProcessorIPLib\pcores\axi_vdma_v5_04_a\dat
   a\axi_vdma_v2_1_0.mpd line 86 
INFO:EDK:4130 - IPNAME: processing_system7, INSTANCE:processing_system7_0 - tcl
   is overriding PARAMETER C_NUM_F2P_INTR_INPUTS value to 1 -
   C:\Xilinx\14.7\ISE_DS\EDK\hw\XilinxProcessorIPLib\pcores\processing_system7_v
   4_03_a\data\processing_system7_v2_1_0.mpd line 319 

Computing clock values...
INFO:EDK:1432 - Frequency for Top-Level Input Clock
   'processing_system7_0_PS_CLK_pin' is not specified. Clock DRCs will not be
   performed for IPs connected to that clock port, unless they are connected
   through the clock generator IP. 

WARNING:EDK:4058 - INSTANCE: axi_dma_0, BUS_INTERFACE: M_AXI_SG -  is not
   connected to any slave. 
WARNING:EDK:4058 - INSTANCE: axi_dma_0, BUS_INTERFACE: M_AXI_MM2S -  is not
   connected to any slave. 
WARNING:EDK:4058 - INSTANCE: axi_dma_0, BUS_INTERFACE: M_AXI_S2MM -  is not
   connected to any slave. 

Performing IP level DRCs on properties...

Running DRC Tcl procedures for OPTION IPLEVEL_DRC_PROC...
INFO:EDK - INFO: DDR Base and High address in current configuration is
   0x00000000 and 0x3FFFFFFF respectively. 
INFO:EDK - INFO: You can modify the DDR address range accessed by Programmable
   Logic through the processing_system7 AXI slave interfaces. If MicroBlaze is a
   master on processing_system7 AXI slave interfaces, please use the top half of
   the address range (Base Address = 0x20000000; High Address = 0x3FFFFFFF). For
   all other master, any subset of the DDR address can be used. See Xilinx
   Answer 47167 for more information. 
Address Map for Processor processing_system7_0
  (0x40400000-0x4040ffff) axi_dma_0	axi4lite_0
  (0x41200000-0x4120ffff) SWs_8Bits	axi4lite_0
  (0x41220000-0x4122ffff) LEDs_8Bits	axi4lite_0
  (0x41240000-0x4124ffff) BTNs_5Bits	axi4lite_0
  (0x43000000-0x4300ffff) axi_vdma_0	axi4lite_0
  (0x76800000-0x7680ffff) v_tc_0	axi4lite_0

Checking platform address map ...

Checking platform configuration ...
IPNAME: axi_interconnect, INSTANCE: axi4lite_0 - 1 master(s) : 6 slave(s) 
IPNAME: axi_interconnect, INSTANCE: axi_interconnect_1 - 4 master(s) : 1
slave(s) 

Checking port drivers...
WARNING:EDK:4181 - PORT: mm2s_prmry_reset_out_n, CONNECTOR: RESET_OUT_N -
   floating connection -
   C:\Xilinx\14.7\ISE_DS\EDK\hw\XilinxProcessorIPLib\pcores\axi_dma_v6_03_a\data
   \axi_dma_v2_1_0.mpd line 221 
WARNING:EDK:4181 - PORT: mm2s_cntrl_reset_out_n, CONNECTOR: RESET_OUT_N -
   floating connection -
   C:\Xilinx\14.7\ISE_DS\EDK\hw\XilinxProcessorIPLib\pcores\axi_dma_v6_03_a\data
   \axi_dma_v2_1_0.mpd line 230 
WARNING:EDK:4181 - PORT: s2mm_prmry_reset_out_n, CONNECTOR: RESET_OUT_N -
   floating connection -
   C:\Xilinx\14.7\ISE_DS\EDK\hw\XilinxProcessorIPLib\pcores\axi_dma_v6_03_a\data
   \axi_dma_v2_1_0.mpd line 253 
WARNING:EDK:4181 - PORT: s2mm_sts_reset_out_n, CONNECTOR: RESET_OUT_N - floating
   connection -
   C:\Xilinx\14.7\ISE_DS\EDK\hw\XilinxProcessorIPLib\pcores\axi_dma_v6_03_a\data
   \axi_dma_v2_1_0.mpd line 262 
WARNING:EDK:4181 - PORT: m_axis_mm2s_tkeep, CONNECTOR:
   axi_vdma_0_M_AXIS_MM2S_TKEEP - floating connection -
   C:\Xilinx\14.7\ISE_DS\EDK\hw\XilinxProcessorIPLib\pcores\axi_vdma_v5_04_a\dat
   a\axi_vdma_v2_1_0.mpd line 208 
WARNING:EDK:4181 - PORT: active_chroma_out, CONNECTOR:
   v_tc_0_VTIMING_OUT_active_chroma - floating connection -
   C:\Xilinx\14.7\ISE_DS\EDK\hw\XilinxProcessorIPLib\pcores\v_tc_v5_01_a\data\v_
   tc_v2_1_0.mpd line 205 
WARNING:EDK:4181 - PORT: FCLK_RESET1_N, CONNECTOR:
   processing_system7_0_FCLK_RESET1_N - floating connection -
   U:\Cpre488\conware\xps\system\system.mhs line 259 

Performing Clock DRCs...

Performing Reset DRCs...

Overriding system level properties...

INFO: Setting C_RANGE_CHECK = ON for axi_interconnect axi4lite_0.
INFO:EDK:4130 - IPNAME: axi_interconnect, INSTANCE:axi4lite_0 - tcl is
   overriding PARAMETER C_RANGE_CHECK value to 1 -
   C:\Xilinx\14.7\ISE_DS\EDK\hw\XilinxProcessorIPLib\pcores\axi_interconnect_v1_
   06_a\data\axi_interconnect_v2_1_0.mpd line 149 

INFO: Setting C_RANGE_CHECK = OFF for axi_interconnect axi_interconnect_1; no
DECERR checking will be performed.
INFO:EDK:4130 - IPNAME: axi_interconnect, INSTANCE:axi_interconnect_1 - tcl is
   overriding PARAMETER C_RANGE_CHECK value to 0 -
   C:\Xilinx\14.7\ISE_DS\EDK\hw\XilinxProcessorIPLib\pcores\axi_interconnect_v1_
   06_a\data\axi_interconnect_v2_1_0.mpd line 149 
INFO:EDK:4130 - IPNAME: processing_system7, INSTANCE:processing_system7_0 - tcl
   is overriding PARAMETER C_FCLK_CLK1_BUF value to FALSE -
   C:\Xilinx\14.7\ISE_DS\EDK\hw\XilinxProcessorIPLib\pcores\processing_system7_v
   4_03_a\data\processing_system7_v2_1_0.mpd line 351 
INFO:EDK:4130 - IPNAME: processing_system7, INSTANCE:processing_system7_0 - tcl
   is overriding PARAMETER C_FCLK_CLK2_BUF value to FALSE -
   C:\Xilinx\14.7\ISE_DS\EDK\hw\XilinxProcessorIPLib\pcores\processing_system7_v
   4_03_a\data\processing_system7_v2_1_0.mpd line 352 

Running system level update procedures...

Running UPDATE Tcl procedures for OPTION SYSLEVEL_UPDATE_PROC...

Running system level DRCs...

Performing System level DRCs on properties...

Running DRC Tcl procedures for OPTION SYSLEVEL_DRC_PROC...
INFO:coreutil - Full license for component <v_tc> allows you to use this
   component. This license does not give you access to source code implementing
   this component.

   The license for this core was generated for zambreno on 01/28/2015It is the
   responsibility of the Licensee of this core to adhere to all terms and
   conditions of the applicable license agreement when using this core.



Running UPDATE Tcl procedures for OPTION PLATGEN_SYSLEVEL_UPDATE_PROC...
INFO: No asynchronous clock conversions in axi_interconnect axi4lite_0.
INFO: No asynchronous clock conversions in axi_interconnect axi_interconnect_1.
INFO: Generating core-level timing constraints for interconnect asynchronous
clock conversions in v_tc_0.
INFO: Generating core-level timing constraints for video asynchronous clock
conversions in v_tc_0.
WARNING:EDK -  ****************************************************************
WARNING:EDK -  Cannot determine frequency of clk or aclk for v_tc_0; generating 
WARNING:EDK -  2 NS DATAPATHONLY constraint for asynchronous clock-converter 
WARNING:EDK -  data pathways.


Modify defaults ...

Creating stub ...

Processing licensed instances ...
IPNAME:v_tc INSTANCE:v_tc_0 - U:\Cpre488\conware\xps\system\system.mhs line 154
- processing license
Completion time: 4.00 seconds

Creating hardware output directories ...

Managing hardware (BBD-specified) netlist files ...

Managing cache ...
IPNAME:axi_gpio INSTANCE:sws_8bits - U:\Cpre488\conware\xps\system\system.mhs
line 52 - Copying cache implementation netlist
IPNAME:axi_gpio INSTANCE:leds_8bits - U:\Cpre488\conware\xps\system\system.mhs
line 66 - Copying cache implementation netlist
IPNAME:axi_gpio INSTANCE:btns_5bits - U:\Cpre488\conware\xps\system\system.mhs
line 80 - Copying cache implementation netlist
IPNAME:axi_dma INSTANCE:axi_dma_0 - U:\Cpre488\conware\xps\system\system.mhs
line 94 - Copying cache implementation netlist

Elaborating instances ...

Writing HDL for elaborated instances ...

Inserting wrapper level ...
Completion time: 0.00 seconds

Constructing platform-level connectivity ...
Completion time: 0.00 seconds

Writing (top-level) BMM ...

Writing (top-level and wrappers) HDL ...

Generating synthesis project file ...

Running XST synthesis ...

INFO:EDK:4211 - The following instances are synthesized with XST. The MPD option
   IMP_NETLIST=TRUE indicates that a NGC file is to be produced using XST
   synthesis. IMP_NETLIST=FALSE (default) instances are not synthesized. 
INSTANCE:axi4lite_0 - U:\Cpre488\conware\xps\system\system.mhs line 43 - Running
XST synthesis
INSTANCE:axi_interconnect_1 - U:\Cpre488\conware\xps\system\system.mhs line 113
- Running XST synthesis
INSTANCE:v_axi4s_vid_out_0 - U:\Cpre488\conware\xps\system\system.mhs line 121 -
Running XST synthesis
INSTANCE:axi_vdma_0 - U:\Cpre488\conware\xps\system\system.mhs line 137 -
Running XST synthesis
INSTANCE:v_tc_0 - U:\Cpre488\conware\xps\system\system.mhs line 154 - Running
XST synthesis
INSTANCE:processing_system7_0 - U:\Cpre488\conware\xps\system\system.mhs line
169 - Running XST synthesis

Running NGCBUILD ...
IPNAME:system_axi4lite_0_wrapper INSTANCE:axi4lite_0 -
U:\Cpre488\conware\xps\system\system.mhs line 43 - Running NGCBUILD
IPNAME:system_axi_interconnect_1_wrapper INSTANCE:axi_interconnect_1 -
U:\Cpre488\conware\xps\system\system.mhs line 113 - Running NGCBUILD
IPNAME:system_axi_vdma_0_wrapper INSTANCE:axi_vdma_0 -
U:\Cpre488\conware\xps\system\system.mhs line 137 - Running NGCBUILD
INFO:EDK:3509 - NCF files should not be modified as they will be regenerated.
   If any constraint needs to be overridden, this should be done by modifying
   the data/system.ucf file.

Rebuilding cache ...

Total run time: 956.00 seconds
