Release 14.7 - xst P.20131013 (nt64)
Copyright (c) 1995-2013 Xilinx, Inc.  All rights reserved.
--> Parameter TMPDIR set to xst/projnav.tmp


Total REAL time to Xst completion: 0.00 secs
Total CPU time to Xst completion: 0.20 secs
 
--> Parameter xsthdpdir set to xst


Total REAL time to Xst completion: 0.00 secs
Total CPU time to Xst completion: 0.23 secs
 
--> Reading design: conware.prj

TABLE OF CONTENTS
  1) Synthesis Options Summary
  2) HDL Parsing
  3) HDL Elaboration
  4) HDL Synthesis
       4.1) HDL Synthesis Report
  5) Advanced HDL Synthesis
       5.1) Advanced HDL Synthesis Report
  6) Low Level Synthesis
  7) Partition Report
  8) Design Summary
       8.1) Primitive and Black Box Usage
       8.2) Device utilization summary
       8.3) Partition Resource Summary
       8.4) Timing Report
            8.4.1) Clock Information
            8.4.2) Asynchronous Control Signals Information
            8.4.3) Timing Summary
            8.4.4) Timing Details
            8.4.5) Cross Clock Domains Report


=========================================================================
*                      Synthesis Options Summary                        *
=========================================================================
---- Source Parameters
Input File Name                    : "conware.prj"
Ignore Synthesis Constraint File   : NO

---- Target Parameters
Output File Name                   : "conware"
Output Format                      : NGC
Target Device                      : xc7z020-1-clg484

---- Source Options
Top Module Name                    : conware
Automatic FSM Extraction           : YES
FSM Encoding Algorithm             : Auto
Safe Implementation                : No
FSM Style                          : LUT
RAM Extraction                     : Yes
RAM Style                          : Auto
ROM Extraction                     : Yes
Shift Register Extraction          : YES
ROM Style                          : Auto
Resource Sharing                   : YES
Asynchronous To Synchronous        : NO
Shift Register Minimum Size        : 2
Use DSP Block                      : Auto
Automatic Register Balancing       : No

---- Target Options
LUT Combining                      : Auto
Reduce Control Sets                : Auto
Add IO Buffers                     : YES
Global Maximum Fanout              : 100000
Add Generic Clock Buffer(BUFG)     : 32
Register Duplication               : YES
Optimize Instantiated Primitives   : NO
Use Clock Enable                   : Auto
Use Synchronous Set                : Auto
Use Synchronous Reset              : Auto
Pack IO Registers into IOBs        : Auto
Equivalent register Removal        : YES

---- General Options
Optimization Goal                  : Speed
Optimization Effort                : 1
Power Reduction                    : NO
Keep Hierarchy                     : No
Netlist Hierarchy                  : As_Optimized
RTL Output                         : Yes
Global Optimization                : AllClockNets
Read Cores                         : YES
Write Timing Constraints           : NO
Cross Clock Analysis               : NO
Hierarchy Separator                : /
Bus Delimiter                      : <>
Case Specifier                     : Maintain
Slice Utilization Ratio            : 100
BRAM Utilization Ratio             : 100
DSP48 Utilization Ratio            : 100
Auto BRAM Packing                  : NO
Slice Utilization Ratio Delta      : 5

=========================================================================


=========================================================================
*                          HDL Parsing                                  *
=========================================================================
Analyzing Verilog file "C:\Users\micha\Documents\projects\conware\xps\system\pcores\conware_v2_00_a\hdl\verilog\conware.v" into library work
Parsing module <conware>.

=========================================================================
*                            HDL Elaboration                            *
=========================================================================

Elaborating module <conware>.
WARNING:HDLCompiler:413 - "C:\Users\micha\Documents\projects\conware\xps\system\pcores\conware_v2_00_a\hdl\verilog\conware.v" Line 199: Result of 32-bit expression is truncated to fit in 1-bit target.
WARNING:HDLCompiler:413 - "C:\Users\micha\Documents\projects\conware\xps\system\pcores\conware_v2_00_a\hdl\verilog\conware.v" Line 208: Result of 32-bit expression is truncated to fit in 1-bit target.

=========================================================================
*                           HDL Synthesis                               *
=========================================================================

Synthesizing Unit <conware>.
    Related source file is "C:\Users\micha\Documents\projects\conware\xps\system\pcores\conware_v2_00_a\hdl\verilog\conware.v".
WARNING:Xst:647 - Input <S_AXIS_TLAST> is never used. This port will be preserved and left unconnected if it belongs to a top-level block or it belongs to a sub-block and the hierarchy of this sub-block is preserved.
    Found 1-bit register for signal <nr_of_reads>.
    Found 1-bit register for signal <nr_of_writes>.
    Found 32-bit register for signal <M_AXIS_TDATA>.
    Found 3-bit register for signal <state>.
    Found finite state machine <FSM_0> for signal <state>.
    -----------------------------------------------------------------------
    | States             | 3                                              |
    | Transitions        | 8                                              |
    | Inputs             | 5                                              |
    | Outputs            | 3                                              |
    | Clock              | ACLK (rising_edge)                             |
    | Reset              | ARESETN_INV_2_o (positive)                     |
    | Reset type         | synchronous                                    |
    | Reset State        | 100                                            |
    | Encoding           | auto                                           |
    | Implementation     | LUT                                            |
    -----------------------------------------------------------------------
    Found 2-bit subtractor for signal <n0050> created at line 199.
    Found 2-bit subtractor for signal <n0054> created at line 208.
    Found 32-bit adder for signal <sum[31]_S_AXIS_TDATA[31]_add_8_OUT> created at line 192.
    Summary:
	inferred   3 Adder/Subtractor(s).
	inferred  34 D-type flip-flop(s).
	inferred   9 Multiplexer(s).
	inferred   1 Finite State Machine(s).
Unit <conware> synthesized.

=========================================================================
HDL Synthesis Report

Macro Statistics
# Adders/Subtractors                                   : 3
 2-bit subtractor                                      : 2
 32-bit adder                                          : 1
# Registers                                            : 3
 1-bit register                                        : 2
 32-bit register                                       : 1
# Multiplexers                                         : 9
 1-bit 2-to-1 multiplexer                              : 7
 32-bit 2-to-1 multiplexer                             : 2
# FSMs                                                 : 1

=========================================================================

=========================================================================
*                       Advanced HDL Synthesis                          *
=========================================================================


=========================================================================
Advanced HDL Synthesis Report

Macro Statistics
# Adders/Subtractors                                   : 3
 1-bit subtractor                                      : 2
 32-bit adder                                          : 1
# Registers                                            : 34
 Flip-Flops                                            : 34
# Multiplexers                                         : 9
 1-bit 2-to-1 multiplexer                              : 7
 32-bit 2-to-1 multiplexer                             : 2
# FSMs                                                 : 1

=========================================================================

=========================================================================
*                         Low Level Synthesis                           *
=========================================================================
Analyzing FSM <MFsm> for best encoding.
Optimizing FSM <FSM_0> on signal <state[1:2]> with sequential encoding.
-------------------
 State | Encoding
-------------------
 100   | 00
 010   | 01
 001   | 10
-------------------

Optimizing unit <conware> ...
WARNING:Xst:1710 - FF/Latch <nr_of_reads_0> (without init value) has a constant value of 0 in block <conware>. This FF/Latch will be trimmed during the optimization process.
WARNING:Xst:1895 - Due to other FF/Latch trimming, FF/Latch <nr_of_writes_0> (without init value) has a constant value of 0 in block <conware>. This FF/Latch will be trimmed during the optimization process.
WARNING:Xst:1710 - FF/Latch <nr_of_reads_0> (without init value) has a constant value of 0 in block <conware>. This FF/Latch will be trimmed during the optimization process.
WARNING:Xst:1895 - Due to other FF/Latch trimming, FF/Latch <nr_of_writes_0> (without init value) has a constant value of 0 in block <conware>. This FF/Latch will be trimmed during the optimization process.

Mapping all equations...
Building and optimizing final netlist ...
Found area constraint ratio of 100 (+ 5) on block conware, actual ratio is 0.

Final Macro Processing ...

=========================================================================
Final Register Report

Macro Statistics
# Registers                                            : 34
 Flip-Flops                                            : 34

=========================================================================

=========================================================================
*                           Partition Report                            *
=========================================================================

Partition Implementation Status
-------------------------------

  No Partitions were found in this design.

-------------------------------

=========================================================================
*                            Design Summary                             *
=========================================================================

Top Level Output File Name         : conware.ngc

Primitive and Black Box Usage:
------------------------------
# BELS                             : 131
#      GND                         : 1
#      INV                         : 1
#      LUT2                        : 32
#      LUT3                        : 1
#      LUT4                        : 1
#      LUT5                        : 32
#      MUXCY                       : 31
#      XORCY                       : 32
# FlipFlops/Latches                : 34
#      FDR                         : 34
# Clock Buffers                    : 1
#      BUFGP                       : 1
# IO Buffers                       : 70
#      IBUF                        : 35
#      OBUF                        : 35

Device utilization summary:
---------------------------

Selected Device : 7z020clg484-1 


Slice Logic Utilization: 
 Number of Slice Registers:              34  out of  106400     0%  
 Number of Slice LUTs:                   67  out of  53200     0%  
    Number used as Logic:                67  out of  53200     0%  

Slice Logic Distribution: 
 Number of LUT Flip Flop pairs used:     67
   Number with an unused Flip Flop:      33  out of     67    49%  
   Number with an unused LUT:             0  out of     67     0%  
   Number of fully used LUT-FF pairs:    34  out of     67    50%  
   Number of unique control sets:         1

IO Utilization: 
 Number of IOs:                          72
 Number of bonded IOBs:                  71  out of    200    35%  

Specific Feature Utilization:
 Number of BUFG/BUFGCTRLs:                1  out of     32     3%  

---------------------------
Partition Resource Summary:
---------------------------

  No Partitions were found in this design.

---------------------------


=========================================================================
Timing Report

NOTE: THESE TIMING NUMBERS ARE ONLY A SYNTHESIS ESTIMATE.
      FOR ACCURATE TIMING INFORMATION PLEASE REFER TO THE TRACE REPORT
      GENERATED AFTER PLACE-and-ROUTE.

Clock Information:
------------------
-----------------------------------+------------------------+-------+
Clock Signal                       | Clock buffer(FF name)  | Load  |
-----------------------------------+------------------------+-------+
ACLK                               | BUFGP                  | 34    |
-----------------------------------+------------------------+-------+

Asynchronous Control Signals Information:
----------------------------------------
No asynchronous control signals found in this design

Timing Summary:
---------------
Speed Grade: -1

   Minimum period: 2.300ns (Maximum Frequency: 434.783MHz)
   Minimum input arrival time before clock: 2.076ns
   Maximum output required time after clock: 0.834ns
   Maximum combinational path delay: No path found

Timing Details:
---------------
All values displayed in nanoseconds (ns)

=========================================================================
Timing constraint: Default period analysis for Clock 'ACLK'
  Clock period: 2.300ns (frequency: 434.783MHz)
  Total number of paths / destination ports: 1124 / 34
-------------------------------------------------------------------------
Delay:               2.300ns (Levels of Logic = 34)
  Source:            sum_0 (FF)
  Destination:       sum_31 (FF)
  Source Clock:      ACLK rising
  Destination Clock: ACLK rising

  Data Path: sum_0 to sum_31
                                Gate     Net
    Cell:in->out      fanout   Delay   Delay  Logical Name (Net Name)
    ----------------------------------------  ------------
     FDR:C->Q              3   0.282   0.427  sum_0 (sum_0)
     LUT2:I1->O            1   0.053   0.000  Madd_sum[31]_S_AXIS_TDATA[31]_add_8_OUT_lut<0> (Madd_sum[31]_S_AXIS_TDATA[31]_add_8_OUT_lut<0>)
     MUXCY:S->O            1   0.291   0.000  Madd_sum[31]_S_AXIS_TDATA[31]_add_8_OUT_cy<0> (Madd_sum[31]_S_AXIS_TDATA[31]_add_8_OUT_cy<0>)
     MUXCY:CI->O           1   0.015   0.000  Madd_sum[31]_S_AXIS_TDATA[31]_add_8_OUT_cy<1> (Madd_sum[31]_S_AXIS_TDATA[31]_add_8_OUT_cy<1>)
     MUXCY:CI->O           1   0.015   0.000  Madd_sum[31]_S_AXIS_TDATA[31]_add_8_OUT_cy<2> (Madd_sum[31]_S_AXIS_TDATA[31]_add_8_OUT_cy<2>)
     MUXCY:CI->O           1   0.015   0.000  Madd_sum[31]_S_AXIS_TDATA[31]_add_8_OUT_cy<3> (Madd_sum[31]_S_AXIS_TDATA[31]_add_8_OUT_cy<3>)
     MUXCY:CI->O           1   0.015   0.000  Madd_sum[31]_S_AXIS_TDATA[31]_add_8_OUT_cy<4> (Madd_sum[31]_S_AXIS_TDATA[31]_add_8_OUT_cy<4>)
     MUXCY:CI->O           1   0.015   0.000  Madd_sum[31]_S_AXIS_TDATA[31]_add_8_OUT_cy<5> (Madd_sum[31]_S_AXIS_TDATA[31]_add_8_OUT_cy<5>)
     MUXCY:CI->O           1   0.015   0.000  Madd_sum[31]_S_AXIS_TDATA[31]_add_8_OUT_cy<6> (Madd_sum[31]_S_AXIS_TDATA[31]_add_8_OUT_cy<6>)
     MUXCY:CI->O           1   0.015   0.000  Madd_sum[31]_S_AXIS_TDATA[31]_add_8_OUT_cy<7> (Madd_sum[31]_S_AXIS_TDATA[31]_add_8_OUT_cy<7>)
     MUXCY:CI->O           1   0.015   0.000  Madd_sum[31]_S_AXIS_TDATA[31]_add_8_OUT_cy<8> (Madd_sum[31]_S_AXIS_TDATA[31]_add_8_OUT_cy<8>)
     MUXCY:CI->O           1   0.015   0.000  Madd_sum[31]_S_AXIS_TDATA[31]_add_8_OUT_cy<9> (Madd_sum[31]_S_AXIS_TDATA[31]_add_8_OUT_cy<9>)
     MUXCY:CI->O           1   0.015   0.000  Madd_sum[31]_S_AXIS_TDATA[31]_add_8_OUT_cy<10> (Madd_sum[31]_S_AXIS_TDATA[31]_add_8_OUT_cy<10>)
     MUXCY:CI->O           1   0.015   0.000  Madd_sum[31]_S_AXIS_TDATA[31]_add_8_OUT_cy<11> (Madd_sum[31]_S_AXIS_TDATA[31]_add_8_OUT_cy<11>)
     MUXCY:CI->O           1   0.015   0.000  Madd_sum[31]_S_AXIS_TDATA[31]_add_8_OUT_cy<12> (Madd_sum[31]_S_AXIS_TDATA[31]_add_8_OUT_cy<12>)
     MUXCY:CI->O           1   0.015   0.000  Madd_sum[31]_S_AXIS_TDATA[31]_add_8_OUT_cy<13> (Madd_sum[31]_S_AXIS_TDATA[31]_add_8_OUT_cy<13>)
     MUXCY:CI->O           1   0.015   0.000  Madd_sum[31]_S_AXIS_TDATA[31]_add_8_OUT_cy<14> (Madd_sum[31]_S_AXIS_TDATA[31]_add_8_OUT_cy<14>)
     MUXCY:CI->O           1   0.015   0.000  Madd_sum[31]_S_AXIS_TDATA[31]_add_8_OUT_cy<15> (Madd_sum[31]_S_AXIS_TDATA[31]_add_8_OUT_cy<15>)
     MUXCY:CI->O           1   0.015   0.000  Madd_sum[31]_S_AXIS_TDATA[31]_add_8_OUT_cy<16> (Madd_sum[31]_S_AXIS_TDATA[31]_add_8_OUT_cy<16>)
     MUXCY:CI->O           1   0.015   0.000  Madd_sum[31]_S_AXIS_TDATA[31]_add_8_OUT_cy<17> (Madd_sum[31]_S_AXIS_TDATA[31]_add_8_OUT_cy<17>)
     MUXCY:CI->O           1   0.015   0.000  Madd_sum[31]_S_AXIS_TDATA[31]_add_8_OUT_cy<18> (Madd_sum[31]_S_AXIS_TDATA[31]_add_8_OUT_cy<18>)
     MUXCY:CI->O           1   0.015   0.000  Madd_sum[31]_S_AXIS_TDATA[31]_add_8_OUT_cy<19> (Madd_sum[31]_S_AXIS_TDATA[31]_add_8_OUT_cy<19>)
     MUXCY:CI->O           1   0.015   0.000  Madd_sum[31]_S_AXIS_TDATA[31]_add_8_OUT_cy<20> (Madd_sum[31]_S_AXIS_TDATA[31]_add_8_OUT_cy<20>)
     MUXCY:CI->O           1   0.015   0.000  Madd_sum[31]_S_AXIS_TDATA[31]_add_8_OUT_cy<21> (Madd_sum[31]_S_AXIS_TDATA[31]_add_8_OUT_cy<21>)
     MUXCY:CI->O           1   0.015   0.000  Madd_sum[31]_S_AXIS_TDATA[31]_add_8_OUT_cy<22> (Madd_sum[31]_S_AXIS_TDATA[31]_add_8_OUT_cy<22>)
     MUXCY:CI->O           1   0.015   0.000  Madd_sum[31]_S_AXIS_TDATA[31]_add_8_OUT_cy<23> (Madd_sum[31]_S_AXIS_TDATA[31]_add_8_OUT_cy<23>)
     MUXCY:CI->O           1   0.015   0.000  Madd_sum[31]_S_AXIS_TDATA[31]_add_8_OUT_cy<24> (Madd_sum[31]_S_AXIS_TDATA[31]_add_8_OUT_cy<24>)
     MUXCY:CI->O           1   0.015   0.000  Madd_sum[31]_S_AXIS_TDATA[31]_add_8_OUT_cy<25> (Madd_sum[31]_S_AXIS_TDATA[31]_add_8_OUT_cy<25>)
     MUXCY:CI->O           1   0.015   0.000  Madd_sum[31]_S_AXIS_TDATA[31]_add_8_OUT_cy<26> (Madd_sum[31]_S_AXIS_TDATA[31]_add_8_OUT_cy<26>)
     MUXCY:CI->O           1   0.015   0.000  Madd_sum[31]_S_AXIS_TDATA[31]_add_8_OUT_cy<27> (Madd_sum[31]_S_AXIS_TDATA[31]_add_8_OUT_cy<27>)
     MUXCY:CI->O           1   0.015   0.000  Madd_sum[31]_S_AXIS_TDATA[31]_add_8_OUT_cy<28> (Madd_sum[31]_S_AXIS_TDATA[31]_add_8_OUT_cy<28>)
     MUXCY:CI->O           1   0.015   0.000  Madd_sum[31]_S_AXIS_TDATA[31]_add_8_OUT_cy<29> (Madd_sum[31]_S_AXIS_TDATA[31]_add_8_OUT_cy<29>)
     MUXCY:CI->O           0   0.015   0.000  Madd_sum[31]_S_AXIS_TDATA[31]_add_8_OUT_cy<30> (Madd_sum[31]_S_AXIS_TDATA[31]_add_8_OUT_cy<30>)
     XORCY:CI->O           1   0.320   0.413  Madd_sum[31]_S_AXIS_TDATA[31]_add_8_OUT_xor<31> (sum[31]_S_AXIS_TDATA[31]_add_8_OUT<31>)
     LUT5:I4->O            1   0.053   0.000  state[2]_sum[31]_select_25_OUT<31>1 (state[2]_sum[31]_select_25_OUT<31>)
     FDR:D                     0.011          sum_31
    ----------------------------------------
    Total                      2.300ns (1.460ns logic, 0.840ns route)
                                       (63.5% logic, 36.5% route)

=========================================================================
Timing constraint: Default OFFSET IN BEFORE for Clock 'ACLK'
  Total number of paths / destination ports: 597 / 68
-------------------------------------------------------------------------
Offset:              2.076ns (Levels of Logic = 35)
  Source:            S_AXIS_TDATA<0> (PAD)
  Destination:       sum_31 (FF)
  Destination Clock: ACLK rising

  Data Path: S_AXIS_TDATA<0> to sum_31
                                Gate     Net
    Cell:in->out      fanout   Delay   Delay  Logical Name (Net Name)
    ----------------------------------------  ------------
     IBUF:I->O             1   0.000   0.485  S_AXIS_TDATA_0_IBUF (S_AXIS_TDATA_0_IBUF)
     LUT2:I0->O            1   0.053   0.000  Madd_sum[31]_S_AXIS_TDATA[31]_add_8_OUT_lut<0> (Madd_sum[31]_S_AXIS_TDATA[31]_add_8_OUT_lut<0>)
     MUXCY:S->O            1   0.291   0.000  Madd_sum[31]_S_AXIS_TDATA[31]_add_8_OUT_cy<0> (Madd_sum[31]_S_AXIS_TDATA[31]_add_8_OUT_cy<0>)
     MUXCY:CI->O           1   0.015   0.000  Madd_sum[31]_S_AXIS_TDATA[31]_add_8_OUT_cy<1> (Madd_sum[31]_S_AXIS_TDATA[31]_add_8_OUT_cy<1>)
     MUXCY:CI->O           1   0.015   0.000  Madd_sum[31]_S_AXIS_TDATA[31]_add_8_OUT_cy<2> (Madd_sum[31]_S_AXIS_TDATA[31]_add_8_OUT_cy<2>)
     MUXCY:CI->O           1   0.015   0.000  Madd_sum[31]_S_AXIS_TDATA[31]_add_8_OUT_cy<3> (Madd_sum[31]_S_AXIS_TDATA[31]_add_8_OUT_cy<3>)
     MUXCY:CI->O           1   0.015   0.000  Madd_sum[31]_S_AXIS_TDATA[31]_add_8_OUT_cy<4> (Madd_sum[31]_S_AXIS_TDATA[31]_add_8_OUT_cy<4>)
     MUXCY:CI->O           1   0.015   0.000  Madd_sum[31]_S_AXIS_TDATA[31]_add_8_OUT_cy<5> (Madd_sum[31]_S_AXIS_TDATA[31]_add_8_OUT_cy<5>)
     MUXCY:CI->O           1   0.015   0.000  Madd_sum[31]_S_AXIS_TDATA[31]_add_8_OUT_cy<6> (Madd_sum[31]_S_AXIS_TDATA[31]_add_8_OUT_cy<6>)
     MUXCY:CI->O           1   0.015   0.000  Madd_sum[31]_S_AXIS_TDATA[31]_add_8_OUT_cy<7> (Madd_sum[31]_S_AXIS_TDATA[31]_add_8_OUT_cy<7>)
     MUXCY:CI->O           1   0.015   0.000  Madd_sum[31]_S_AXIS_TDATA[31]_add_8_OUT_cy<8> (Madd_sum[31]_S_AXIS_TDATA[31]_add_8_OUT_cy<8>)
     MUXCY:CI->O           1   0.015   0.000  Madd_sum[31]_S_AXIS_TDATA[31]_add_8_OUT_cy<9> (Madd_sum[31]_S_AXIS_TDATA[31]_add_8_OUT_cy<9>)
     MUXCY:CI->O           1   0.015   0.000  Madd_sum[31]_S_AXIS_TDATA[31]_add_8_OUT_cy<10> (Madd_sum[31]_S_AXIS_TDATA[31]_add_8_OUT_cy<10>)
     MUXCY:CI->O           1   0.015   0.000  Madd_sum[31]_S_AXIS_TDATA[31]_add_8_OUT_cy<11> (Madd_sum[31]_S_AXIS_TDATA[31]_add_8_OUT_cy<11>)
     MUXCY:CI->O           1   0.015   0.000  Madd_sum[31]_S_AXIS_TDATA[31]_add_8_OUT_cy<12> (Madd_sum[31]_S_AXIS_TDATA[31]_add_8_OUT_cy<12>)
     MUXCY:CI->O           1   0.015   0.000  Madd_sum[31]_S_AXIS_TDATA[31]_add_8_OUT_cy<13> (Madd_sum[31]_S_AXIS_TDATA[31]_add_8_OUT_cy<13>)
     MUXCY:CI->O           1   0.015   0.000  Madd_sum[31]_S_AXIS_TDATA[31]_add_8_OUT_cy<14> (Madd_sum[31]_S_AXIS_TDATA[31]_add_8_OUT_cy<14>)
     MUXCY:CI->O           1   0.015   0.000  Madd_sum[31]_S_AXIS_TDATA[31]_add_8_OUT_cy<15> (Madd_sum[31]_S_AXIS_TDATA[31]_add_8_OUT_cy<15>)
     MUXCY:CI->O           1   0.015   0.000  Madd_sum[31]_S_AXIS_TDATA[31]_add_8_OUT_cy<16> (Madd_sum[31]_S_AXIS_TDATA[31]_add_8_OUT_cy<16>)
     MUXCY:CI->O           1   0.015   0.000  Madd_sum[31]_S_AXIS_TDATA[31]_add_8_OUT_cy<17> (Madd_sum[31]_S_AXIS_TDATA[31]_add_8_OUT_cy<17>)
     MUXCY:CI->O           1   0.015   0.000  Madd_sum[31]_S_AXIS_TDATA[31]_add_8_OUT_cy<18> (Madd_sum[31]_S_AXIS_TDATA[31]_add_8_OUT_cy<18>)
     MUXCY:CI->O           1   0.015   0.000  Madd_sum[31]_S_AXIS_TDATA[31]_add_8_OUT_cy<19> (Madd_sum[31]_S_AXIS_TDATA[31]_add_8_OUT_cy<19>)
     MUXCY:CI->O           1   0.015   0.000  Madd_sum[31]_S_AXIS_TDATA[31]_add_8_OUT_cy<20> (Madd_sum[31]_S_AXIS_TDATA[31]_add_8_OUT_cy<20>)
     MUXCY:CI->O           1   0.015   0.000  Madd_sum[31]_S_AXIS_TDATA[31]_add_8_OUT_cy<21> (Madd_sum[31]_S_AXIS_TDATA[31]_add_8_OUT_cy<21>)
     MUXCY:CI->O           1   0.015   0.000  Madd_sum[31]_S_AXIS_TDATA[31]_add_8_OUT_cy<22> (Madd_sum[31]_S_AXIS_TDATA[31]_add_8_OUT_cy<22>)
     MUXCY:CI->O           1   0.015   0.000  Madd_sum[31]_S_AXIS_TDATA[31]_add_8_OUT_cy<23> (Madd_sum[31]_S_AXIS_TDATA[31]_add_8_OUT_cy<23>)
     MUXCY:CI->O           1   0.015   0.000  Madd_sum[31]_S_AXIS_TDATA[31]_add_8_OUT_cy<24> (Madd_sum[31]_S_AXIS_TDATA[31]_add_8_OUT_cy<24>)
     MUXCY:CI->O           1   0.015   0.000  Madd_sum[31]_S_AXIS_TDATA[31]_add_8_OUT_cy<25> (Madd_sum[31]_S_AXIS_TDATA[31]_add_8_OUT_cy<25>)
     MUXCY:CI->O           1   0.015   0.000  Madd_sum[31]_S_AXIS_TDATA[31]_add_8_OUT_cy<26> (Madd_sum[31]_S_AXIS_TDATA[31]_add_8_OUT_cy<26>)
     MUXCY:CI->O           1   0.015   0.000  Madd_sum[31]_S_AXIS_TDATA[31]_add_8_OUT_cy<27> (Madd_sum[31]_S_AXIS_TDATA[31]_add_8_OUT_cy<27>)
     MUXCY:CI->O           1   0.015   0.000  Madd_sum[31]_S_AXIS_TDATA[31]_add_8_OUT_cy<28> (Madd_sum[31]_S_AXIS_TDATA[31]_add_8_OUT_cy<28>)
     MUXCY:CI->O           1   0.015   0.000  Madd_sum[31]_S_AXIS_TDATA[31]_add_8_OUT_cy<29> (Madd_sum[31]_S_AXIS_TDATA[31]_add_8_OUT_cy<29>)
     MUXCY:CI->O           0   0.015   0.000  Madd_sum[31]_S_AXIS_TDATA[31]_add_8_OUT_cy<30> (Madd_sum[31]_S_AXIS_TDATA[31]_add_8_OUT_cy<30>)
     XORCY:CI->O           1   0.320   0.413  Madd_sum[31]_S_AXIS_TDATA[31]_add_8_OUT_xor<31> (sum[31]_S_AXIS_TDATA[31]_add_8_OUT<31>)
     LUT5:I4->O            1   0.053   0.000  state[2]_sum[31]_select_25_OUT<31>1 (state[2]_sum[31]_select_25_OUT<31>)
     FDR:D                     0.011          sum_31
    ----------------------------------------
    Total                      2.076ns (1.178ns logic, 0.898ns route)
                                       (56.7% logic, 43.3% route)

=========================================================================
Timing constraint: Default OFFSET OUT AFTER for Clock 'ACLK'
  Total number of paths / destination ports: 34 / 34
-------------------------------------------------------------------------
Offset:              0.834ns (Levels of Logic = 1)
  Source:            state_FSM_FFd2 (FF)
  Destination:       S_AXIS_TREADY (PAD)
  Source Clock:      ACLK rising

  Data Path: state_FSM_FFd2 to S_AXIS_TREADY
                                Gate     Net
    Cell:in->out      fanout   Delay   Delay  Logical Name (Net Name)
    ----------------------------------------  ------------
     FDR:C->Q             35   0.282   0.552  state_FSM_FFd2 (state_FSM_FFd2)
     OBUF:I->O                 0.000          S_AXIS_TREADY_OBUF (S_AXIS_TREADY)
    ----------------------------------------
    Total                      0.834ns (0.282ns logic, 0.552ns route)
                                       (33.8% logic, 66.2% route)

=========================================================================

Cross Clock Domains Report:
--------------------------

Clock to Setup on destination clock ACLK
---------------+---------+---------+---------+---------+
               | Src:Rise| Src:Fall| Src:Rise| Src:Fall|
Source Clock   |Dest:Rise|Dest:Rise|Dest:Fall|Dest:Fall|
---------------+---------+---------+---------+---------+
ACLK           |    2.300|         |         |         |
---------------+---------+---------+---------+---------+

=========================================================================


Total REAL time to Xst completion: 9.00 secs
Total CPU time to Xst completion: 9.14 secs
 
--> 

Total memory usage is 480796 kilobytes

Number of errors   :    0 (   0 filtered)
Number of warnings :    7 (   0 filtered)
Number of infos    :    0 (   0 filtered)

