16:41:06 **** Build of project conware_bsp ****
make -k all 
libgen -hw ../system_hw_platform/system.xml\
	       \
	       -pe ps7_cortexa9_0 \
	       -log libgen.log \
	       system.mss
libgen
Xilinx EDK 14.7 Build EDK_P.20131013
Copyright (c) 1995-2012 Xilinx, Inc.  All rights reserved.

Command Line: libgen -hw ../system_hw_platform/system.xml -pe ps7_cortexa9_0
-log libgen.log system.mss 

ERROR:EDK:3428 - Failed to remove existing directory:
   \\my.files.iastate.edu\users\quanta\Cpre488\conware\xps\software\conware_bsp\
   ps7_cortexa9_0\libsrc\.
ERROR:EDK:1278 - Failed to create directory
   \\my.files.iastate.edu\users\quanta\Cpre488\conware\xps\software\conware_bsp\
   ps7_cortexa9_0\libsrc\.
make: *** [ps7_cortexa9_0/lib/libxil.a] Error 2
make: Target `all' not remade because of errors.

16:41:08 Build Finished (took 1s.340ms)

