16:44:12 **** Build of project conware_bsp_0 ****
make -k all 
libgen -hw ../system_hw_platform/system.xml\
	       \
	       -pe ps7_cortexa9_0 \
	       -log libgen.log \
	       system.mss
libgen
Xilinx EDK 14.7 Build EDK_P.20131013
Copyright (c) 1995-2012 Xilinx, Inc.  All rights reserved.

Command Line: libgen -hw ../system_hw_platform/system.xml -pe ps7_cortexa9_0
-log libgen.log system.mss 


Staging source files.
Running DRCs.
Running generate.
Running post_generate.
Running include - 'make -s include "COMPILER=arm-xilinx-eabi-gcc"
"ARCHIVER=arm-xilinx-eabi-ar" "COMPILER_FLAGS= -O2 -c" "EXTRA_COMPILER_FLAGS=-g
-DDEBUG"'.

Running libs - 'make -s libs "COMPILER=arm-xilinx-eabi-gcc"
"ARCHIVER=arm-xilinx-eabi-ar" "COMPILER_FLAGS= -O2 -c" "EXTRA_COMPILER_FLAGS=-g
-DDEBUG"'.
"Compiling common"
arm-xilinx-eabi-ar: creating ../../../lib/libxil.a
"Compiling standalone"
"Compiling axidma"
In file included from xaxidma_bd.h:124:0,
                 from xaxidma_bdring.h:93,
                 from xaxidma.h:462,
                 from xaxidma.c:85:
xdebug.h:57:2: warning: #warning DEBUG is enabled [-Wcpp]
In file included from xaxidma_bd.h:124:0,
                 from xaxidma_bd.c:68:
xdebug.h:57:2: warning: #warning DEBUG is enabled [-Wcpp]
In file included from xaxidma_bd.h:124:0,
                 from xaxidma_bdring.h:93,
                 from xaxidma_bdring.c:83:
xdebug.h:57:2: warning: #warning DEBUG is enabled [-Wcpp]
In file included from xaxidma_bd.h:124:0,
                 from xaxidma_bdring.h:93,
                 from xaxidma.h:462,
                 from xaxidma_g.c:16:
xdebug.h:57:2: warning: #warning DEBUG is enabled [-Wcpp]
In file included from xaxidma_bd.h:124:0,
                 from xaxidma_bdring.h:93,
                 from xaxidma.h:462,
                 from xaxidma_sinit.c:68:
xdebug.h:57:2: warning: #warning DEBUG is enabled [-Wcpp]
"Compiling gpio"
"Compiling devcfg"
"Compiling dmaps"
"Compiling emacps"
"Compiling gpiops"
"Compiling qspips"
"Compiling scugic"
"Compiling scutimer"
"Compiling scuwdt"
"Compiling ttcps"
"Compiling uartps"
"Compiling usbps"
"Compiling xadcps"
"Compiling cpu_cortexa9"
Running execs_generate.
'Finished building libraries'

16:45:35 Build Finished (took 1m:23s.84ms)

