13:36:08 **** Incremental Build of configuration Debug for project video_conway ****
make all 
'Building file: ../src/helloworld.c'
'Invoking: ARM gcc compiler'
arm-xilinx-eabi-gcc -Wall -O0 -g3 -c -fmessage-length=0 -I../../video_bsp/ps7_cortexa9_0/include -MMD -MP -MF"src/helloworld.d" -MT"src/helloworld.d" -o "src/helloworld.o" "../src/helloworld.c"
../src/helloworld.c:11:14: error: 'GAME_HEIGHT' undeclared here (not in a function)
../src/helloworld.c:11:27: error: 'GAME_WIDTH' undeclared here (not in a function)
../src/helloworld.c: In function 'main':
../src/helloworld.c:44:5: error: 'screen_iterate' undeclared (first use in this function)
../src/helloworld.c:44:5: note: each undeclared identifier is reported only once for each function it appears in
../src/helloworld.c:44:20: error: expected ';' before '{' token
../src/helloworld.c:65:5: warning: implicit declaration of function 'place_block' [-Wimplicit-function-declaration]
../src/helloworld.c:73:5: warning: passing argument 2 of 'Xil_Out32' makes integer from pointer without a cast [enabled by default]
In file included from ../../video_bsp/ps7_cortexa9_0/include/xvtc_hw.h:158:0,
                 from ../../video_bsp/ps7_cortexa9_0/include/xvtc.h:238,
                 from ../src/helloworld.c:5:
../../video_bsp/ps7_cortexa9_0/include/xil_io.h:240:6: note: expected 'u32' but argument is of type 'u16 (*)[640]'
../src/helloworld.c:85:9: warning: implicit declaration of function 'evolve' [-Wimplicit-function-declaration]
../src/helloworld.c:86:9: warning: implicit declaration of function 'raster_game' [-Wimplicit-function-declaration]
../src/helloworld.c:87:9: warning: implicit declaration of function 'Xil_DCacheFlush' [-Wimplicit-function-declaration]
../src/helloworld.c:22:12: warning: unused variable 'j' [-Wunused-variable]
../src/helloworld.c:22:9: warning: unused variable 'i' [-Wunused-variable]
../src/helloworld.c:20:24: warning: unused variable 'offsets' [-Wunused-variable]
../src/helloworld.c:19:18: warning: unused variable 'original' [-Wunused-variable]
make: *** [src/helloworld.o] Error 1

13:36:09 Build Finished (took 450ms)

